# JRE version: Java(TM) SE Runtime Environment (8.0_91-b14) (build 1.8.0_91-b14)
# Java VM: Java HotSpot(TM) 64-Bit Server VM (25.91-b14 mixed mode windows-amd64 compressed oops)
Heap:
 PSYoungGen      total 38400K, used 22603K [0x00000000d5d80000, 0x00000000d9e80000, 0x0000000100000000)
  eden space 28672K, 69% used [0x00000000d5d80000,0x00000000d70fe2c8,0x00000000d7980000)
  from space 9728K, 27% used [0x00000000d7980000,0x00000000d7c14ad8,0x00000000d8300000)
  to   space 10240K, 0% used [0x00000000d9480000,0x00000000d9480000,0x00000000d9e80000)
 ParOldGen       total 58880K, used 7750K [0x0000000081800000, 0x0000000085180000, 0x00000000d5d80000)
  object space 58880K, 13% used [0x0000000081800000,0x0000000081f91ac8,0x0000000085180000)
 Metaspace       used 24580K, capacity 24908K, committed 25216K, reserved 1071104K
  class space    used 3016K, capacity 3123K, committed 3200K, reserved 1048576K
GC Heap History (10 events):
Event: 6.070 GC heap before
{Heap before GC invocations=4 (full 0):
 PSYoungGen      total 38400K, used 38394K [0x00000000d5d80000, 0x00000000d8800000, 0x0000000100000000)
  eden space 33280K, 100% used [0x00000000d5d80000,0x00000000d7e00000,0x00000000d7e00000)
  from space 5120K, 99% used [0x00000000d7e00000,0x00000000d82fe918,0x00000000d8300000)
  to   space 5120K, 0% used [0x00000000d8300000,0x00000000d8300000,0x00000000d8800000)
 ParOldGen       total 87552K, used 2028K [0x0000000081800000, 0x0000000086d80000, 0x00000000d5d80000)
  object space 87552K, 2% used [0x0000000081800000,0x00000000819fb188,0x0000000086d80000)
 Metaspace       used 19148K, capacity 19358K, committed 19584K, reserved 1067008K
  class space    used 2313K, capacity 2351K, committed 2432K, reserved 1048576K
Event: 6.086 GC heap after
Heap after GC invocations=4 (full 0):
 PSYoungGen      total 38400K, used 5099K [0x00000000d5d80000, 0x00000000da880000, 0x0000000100000000)
  eden space 33280K, 0% used [0x00000000d5d80000,0x00000000d5d80000,0x00000000d7e00000)
  from space 5120K, 99% used [0x00000000d8300000,0x00000000d87facc0,0x00000000d8800000)
  to   space 5120K, 0% used [0x00000000d7e00000,0x00000000d7e00000,0x00000000d8300000)
 ParOldGen       total 87552K, used 4717K [0x0000000081800000, 0x0000000086d80000, 0x00000000d5d80000)
  object space 87552K, 5% used [0x0000000081800000,0x0000000081c9b4d0,0x0000000086d80000)
 Metaspace       used 19148K, capacity 19358K, committed 19584K, reserved 1067008K
  class space    used 2313K, capacity 2351K, committed 2432K, reserved 1048576K
}
Event: 6.571 GC heap before
{Heap before GC invocations=5 (full 0):
 PSYoungGen      total 38400K, used 33475K [0x00000000d5d80000, 0x00000000da880000, 0x0000000100000000)
  eden space 33280K, 85% used [0x00000000d5d80000,0x00000000d79362f8,0x00000000d7e00000)
  from space 5120K, 99% used [0x00000000d8300000,0x00000000d87facc0,0x00000000d8800000)
  to   space 5120K, 0% used [0x00000000d7e00000,0x00000000d7e00000,0x00000000d8300000)
 ParOldGen       total 87552K, used 4717K [0x0000000081800000, 0x0000000086d80000, 0x00000000d5d80000)
  object space 87552K, 5% used [0x0000000081800000,0x0000000081c9b4d0,0x0000000086d80000)
 Metaspace       used 20876K, capacity 21074K, committed 21296K, reserved 1069056K
  class space    used 2530K, capacity 2580K, committed 2688K, reserved 1048576K
Event: 6.581 GC heap after
Heap after GC invocations=5 (full 0):
 PSYoungGen      total 38400K, used 5115K [0x00000000d5d80000, 0x00000000da880000, 0x0000000100000000)
  eden space 33280K, 0% used [0x00000000d5d80000,0x00000000d5d80000,0x00000000d7e00000)
  from space 5120K, 99% used [0x00000000d7e00000,0x00000000d82fecb0,0x00000000d8300000)
  to   space 5120K, 0% used [0x00000000d8300000,0x00000000d8300000,0x00000000d8800000)
 ParOldGen       total 87552K, used 6869K [0x0000000081800000, 0x0000000086d80000, 0x00000000d5d80000)
  object space 87552K, 7% used [0x0000000081800000,0x0000000081eb57a8,0x0000000086d80000)
 Metaspace       used 20876K, capacity 21074K, committed 21296K, reserved 1069056K
  class space    used 2530K, capacity 2580K, committed 2688K, reserved 1048576K
}
Event: 6.581 GC heap before
{Heap before GC invocations=6 (full 1):
 PSYoungGen      total 38400K, used 5115K [0x00000000d5d80000, 0x00000000da880000, 0x0000000100000000)
  eden space 33280K, 0% used [0x00000000d5d80000,0x00000000d5d80000,0x00000000d7e00000)
  from space 5120K, 99% used [0x00000000d7e00000,0x00000000d82fecb0,0x00000000d8300000)
  to   space 5120K, 0% used [0x00000000d8300000,0x00000000d8300000,0x00000000d8800000)
 ParOldGen       total 87552K, used 6869K [0x0000000081800000, 0x0000000086d80000, 0x00000000d5d80000)
  object space 87552K, 7% used [0x0000000081800000,0x0000000081eb57a8,0x0000000086d80000)
 Metaspace       used 20876K, capacity 21074K, committed 21296K, reserved 1069056K
  class space    used 2530K, capacity 2580K, committed 2688K, reserved 1048576K
Event: 6.639 GC heap after
Heap after GC invocations=6 (full 1):
 PSYoungGen      total 38400K, used 0K [0x00000000d5d80000, 0x00000000da880000, 0x0000000100000000)
  eden space 33280K, 0% used [0x00000000d5d80000,0x00000000d5d80000,0x00000000d7e00000)
  from space 5120K, 0% used [0x00000000d7e00000,0x00000000d7e00000,0x00000000d8300000)
  to   space 5120K, 0% used [0x00000000d8300000,0x00000000d8300000,0x00000000d8800000)
 ParOldGen       total 58880K, used 7742K [0x0000000081800000, 0x0000000085180000, 0x00000000d5d80000)
  object space 58880K, 13% used [0x0000000081800000,0x0000000081f8fac8,0x0000000085180000)
 Metaspace       used 20876K, capacity 21074K, committed 21296K, reserved 1069056K
  class space    used 2530K, capacity 2580K, committed 2688K, reserved 1048576K
}
Event: 7.111 GC heap before
{Heap before GC invocations=7 (full 1):
 PSYoungGen      total 38400K, used 33280K [0x00000000d5d80000, 0x00000000da880000, 0x0000000100000000)
  eden space 33280K, 100% used [0x00000000d5d80000,0x00000000d7e00000,0x00000000d7e00000)
  from space 5120K, 0% used [0x00000000d7e00000,0x00000000d7e00000,0x00000000d8300000)
  to   space 5120K, 0% used [0x00000000d8300000,0x00000000d8300000,0x00000000d8800000)
 ParOldGen       total 58880K, used 7742K [0x0000000081800000, 0x0000000085180000, 0x00000000d5d80000)
  object space 58880K, 13% used [0x0000000081800000,0x0000000081f8fac8,0x0000000085180000)
 Metaspace       used 22670K, capacity 22966K, committed 23344K, reserved 1069056K
  class space    used 2739K, capacity 2826K, committed 2944K, reserved 1048576K
Event: 7.121 GC heap after
Heap after GC invocations=7 (full 1):
 PSYoungGen      total 33792K, used 1950K [0x00000000d5d80000, 0x00000000da500000, 0x0000000100000000)
  eden space 28672K, 0% used [0x00000000d5d80000,0x00000000d5d80000,0x00000000d7980000)
  from space 5120K, 38% used [0x00000000d8300000,0x00000000d84e78a0,0x00000000d8800000)
  to   space 9728K, 0% used [0x00000000d7980000,0x00000000d7980000,0x00000000d8300000)
 ParOldGen       total 58880K, used 7750K [0x0000000081800000, 0x0000000085180000, 0x00000000d5d80000)
  object space 58880K, 13% used [0x0000000081800000,0x0000000081f91ac8,0x0000000085180000)
 Metaspace       used 22670K, capacity 22966K, committed 23344K, reserved 1069056K
  class space    used 2739K, capacity 2826K, committed 2944K, reserved 1048576K
}
Event: 7.556 GC heap before
{Heap before GC invocations=8 (full 1):
 PSYoungGen      total 33792K, used 30622K [0x00000000d5d80000, 0x00000000da500000, 0x0000000100000000)
  eden space 28672K, 100% used [0x00000000d5d80000,0x00000000d7980000,0x00000000d7980000)
  from space 5120K, 38% used [0x00000000d8300000,0x00000000d84e78a0,0x00000000d8800000)
  to   space 9728K, 0% used [0x00000000d7980000,0x00000000d7980000,0x00000000d8300000)
 ParOldGen       total 58880K, used 7750K [0x0000000081800000, 0x0000000085180000, 0x00000000d5d80000)
  object space 58880K, 13% used [0x0000000081800000,0x0000000081f91ac8,0x0000000085180000)
 Metaspace       used 23487K, capacity 23886K, committed 24064K, reserved 1071104K
  class space    used 2845K, capacity 2958K, committed 3072K, reserved 1048576K
Event: 7.561 GC heap after
Heap after GC invocations=8 (full 1):
 PSYoungGen      total 38400K, used 2642K [0x00000000d5d80000, 0x00000000d9e80000, 0x0000000100000000)
  eden space 28672K, 0% used [0x00000000d5d80000,0x00000000d5d80000,0x00000000d7980000)
  from space 9728K, 27% used [0x00000000d7980000,0x00000000d7c14ad8,0x00000000d8300000)
  to   space 10240K, 0% used [0x00000000d9480000,0x00000000d9480000,0x00000000d9e80000)
 ParOldGen       total 58880K, used 7750K [0x0000000081800000, 0x0000000085180000, 0x00000000d5d80000)
  object space 58880K, 13% used [0x0000000081800000,0x0000000081f91ac8,0x0000000085180000)
 Metaspace       used 23487K, capacity 23886K, committed 24064K, reserved 1071104K
  class space    used 2845K, capacity 2958K, committed 3072K, reserved 1048576K
}

