# JRE version: Java(TM) SE Runtime Environment (8.0_91-b14) (build 1.8.0_91-b14)
# Java VM: Java HotSpot(TM) 64-Bit Server VM (25.91-b14 mixed mode windows-amd64 compressed oops)
Heap:
 PSYoungGen      total 172032K, used 14189K [0x00000000d5d80000, 0x00000000e3d80000, 0x0000000100000000)
  eden space 159232K, 1% used [0x00000000d5d80000,0x00000000d6068d20,0x00000000df900000)
  from space 12800K, 87% used [0x00000000df900000,0x00000000e03f2a40,0x00000000e0580000)
  to   space 13824K, 0% used [0x00000000e3000000,0x00000000e3000000,0x00000000e3d80000)
 ParOldGen       total 94208K, used 19393K [0x0000000081800000, 0x0000000087400000, 0x00000000d5d80000)
  object space 94208K, 20% used [0x0000000081800000,0x0000000082af0670,0x0000000087400000)
 Metaspace       used 42646K, capacity 43086K, committed 43264K, reserved 1087488K
  class space    used 5513K, capacity 5614K, committed 5632K, reserved 1048576K
GC Heap History (10 events):
Event: 7.168 GC heap before
{Heap before GC invocations=7 (full 1):
 PSYoungGen      total 71680K, used 66560K [0x00000000d5d80000, 0x00000000df080000, 0x0000000100000000)
  eden space 66560K, 100% used [0x00000000d5d80000,0x00000000d9e80000,0x00000000d9e80000)
  from space 5120K, 0% used [0x00000000d9e80000,0x00000000d9e80000,0x00000000da380000)
  to   space 8704K, 0% used [0x00000000de800000,0x00000000de800000,0x00000000df080000)
 ParOldGen       total 56832K, used 7195K [0x0000000081800000, 0x0000000084f80000, 0x00000000d5d80000)
  object space 56832K, 12% used [0x0000000081800000,0x0000000081f06f50,0x0000000084f80000)
 Metaspace       used 23463K, capacity 23726K, committed 23936K, reserved 1071104K
  class space    used 2839K, capacity 2926K, committed 2944K, reserved 1048576K
Event: 7.178 GC heap after
Heap after GC invocations=7 (full 1):
 PSYoungGen      total 109568K, used 4089K [0x00000000d5d80000, 0x00000000dec00000, 0x0000000100000000)
  eden space 105472K, 0% used [0x00000000d5d80000,0x00000000d5d80000,0x00000000dc480000)
  from space 4096K, 99% used [0x00000000de800000,0x00000000debfe4d0,0x00000000dec00000)
  to   space 9216K, 0% used [0x00000000dda00000,0x00000000dda00000,0x00000000de300000)
 ParOldGen       total 56832K, used 7203K [0x0000000081800000, 0x0000000084f80000, 0x00000000d5d80000)
  object space 56832K, 12% used [0x0000000081800000,0x0000000081f08f50,0x0000000084f80000)
 Metaspace       used 23463K, capacity 23726K, committed 23936K, reserved 1071104K
  class space    used 2839K, capacity 2926K, committed 2944K, reserved 1048576K
}
Event: 10.622 GC heap before
{Heap before GC invocations=8 (full 1):
 PSYoungGen      total 109568K, used 109561K [0x00000000d5d80000, 0x00000000dec00000, 0x0000000100000000)
  eden space 105472K, 100% used [0x00000000d5d80000,0x00000000dc480000,0x00000000dc480000)
  from space 4096K, 99% used [0x00000000de800000,0x00000000debfe4d0,0x00000000dec00000)
  to   space 9216K, 0% used [0x00000000dda00000,0x00000000dda00000,0x00000000de300000)
 ParOldGen       total 56832K, used 7203K [0x0000000081800000, 0x0000000084f80000, 0x00000000d5d80000)
  object space 56832K, 12% used [0x0000000081800000,0x0000000081f08f50,0x0000000084f80000)
 Metaspace       used 27776K, capacity 28218K, committed 28416K, reserved 1075200K
  class space    used 3432K, capacity 3552K, committed 3584K, reserved 1048576K
Event: 10.640 GC heap after
Heap after GC invocations=8 (full 1):
 PSYoungGen      total 136704K, used 8932K [0x00000000d5d80000, 0x00000000e0f80000, 0x0000000100000000)
  eden space 127488K, 0% used [0x00000000d5d80000,0x00000000d5d80000,0x00000000dda00000)
  from space 9216K, 96% used [0x00000000dda00000,0x00000000de2b91f8,0x00000000de300000)
  to   space 10240K, 0% used [0x00000000e0580000,0x00000000e0580000,0x00000000e0f80000)
 ParOldGen       total 56832K, used 7211K [0x0000000081800000, 0x0000000084f80000, 0x00000000d5d80000)
  object space 56832K, 12% used [0x0000000081800000,0x0000000081f0af50,0x0000000084f80000)
 Metaspace       used 27776K, capacity 28218K, committed 28416K, reserved 1075200K
  class space    used 3432K, capacity 3552K, committed 3584K, reserved 1048576K
}
Event: 13.095 GC heap before
{Heap before GC invocations=9 (full 1):
 PSYoungGen      total 136704K, used 108003K [0x00000000d5d80000, 0x00000000e0f80000, 0x0000000100000000)
  eden space 127488K, 77% used [0x00000000d5d80000,0x00000000dbe3fa98,0x00000000dda00000)
  from space 9216K, 96% used [0x00000000dda00000,0x00000000de2b91f8,0x00000000de300000)
  to   space 10240K, 0% used [0x00000000e0580000,0x00000000e0580000,0x00000000e0f80000)
 ParOldGen       total 56832K, used 7211K [0x0000000081800000, 0x0000000084f80000, 0x00000000d5d80000)
  object space 56832K, 12% used [0x0000000081800000,0x0000000081f0af50,0x0000000084f80000)
 Metaspace       used 34931K, capacity 35282K, committed 35496K, reserved 1081344K
  class space    used 4426K, capacity 4516K, committed 4608K, reserved 1048576K
Event: 13.116 GC heap after
Heap after GC invocations=9 (full 1):
 PSYoungGen      total 169472K, used 10219K [0x00000000d5d80000, 0x00000000e3100000, 0x0000000100000000)
  eden space 159232K, 0% used [0x00000000d5d80000,0x00000000d5d80000,0x00000000df900000)
  from space 10240K, 99% used [0x00000000e0580000,0x00000000e0f7ad58,0x00000000e0f80000)
  to   space 12800K, 0% used [0x00000000df900000,0x00000000df900000,0x00000000e0580000)
 ParOldGen       total 56832K, used 10844K [0x0000000081800000, 0x0000000084f80000, 0x00000000d5d80000)
  object space 56832K, 19% used [0x0000000081800000,0x0000000082297170,0x0000000084f80000)
 Metaspace       used 34931K, capacity 35282K, committed 35496K, reserved 1081344K
  class space    used 4426K, capacity 4516K, committed 4608K, reserved 1048576K
}
Event: 13.116 GC heap before
{Heap before GC invocations=10 (full 2):
 PSYoungGen      total 169472K, used 10219K [0x00000000d5d80000, 0x00000000e3100000, 0x0000000100000000)
  eden space 159232K, 0% used [0x00000000d5d80000,0x00000000d5d80000,0x00000000df900000)
  from space 10240K, 99% used [0x00000000e0580000,0x00000000e0f7ad58,0x00000000e0f80000)
  to   space 12800K, 0% used [0x00000000df900000,0x00000000df900000,0x00000000e0580000)
 ParOldGen       total 56832K, used 10844K [0x0000000081800000, 0x0000000084f80000, 0x00000000d5d80000)
  object space 56832K, 19% used [0x0000000081800000,0x0000000082297170,0x0000000084f80000)
 Metaspace       used 34931K, capacity 35282K, committed 35496K, reserved 1081344K
  class space    used 4426K, capacity 4516K, committed 4608K, reserved 1048576K
Event: 13.250 GC heap after
Heap after GC invocations=10 (full 2):
 PSYoungGen      total 169472K, used 0K [0x00000000d5d80000, 0x00000000e3100000, 0x0000000100000000)
  eden space 159232K, 0% used [0x00000000d5d80000,0x00000000d5d80000,0x00000000df900000)
  from space 10240K, 0% used [0x00000000e0580000,0x00000000e0580000,0x00000000e0f80000)
  to   space 12800K, 0% used [0x00000000df900000,0x00000000df900000,0x00000000e0580000)
 ParOldGen       total 94208K, used 19385K [0x0000000081800000, 0x0000000087400000, 0x00000000d5d80000)
  object space 94208K, 20% used [0x0000000081800000,0x0000000082aee670,0x0000000087400000)
 Metaspace       used 34931K, capacity 35282K, committed 35496K, reserved 1081344K
  class space    used 4426K, capacity 4516K, committed 4608K, reserved 1048576K
}
Event: 18.052 GC heap before
{Heap before GC invocations=11 (full 2):
 PSYoungGen      total 169472K, used 159232K [0x00000000d5d80000, 0x00000000e3100000, 0x0000000100000000)
  eden space 159232K, 100% used [0x00000000d5d80000,0x00000000df900000,0x00000000df900000)
  from space 10240K, 0% used [0x00000000e0580000,0x00000000e0580000,0x00000000e0f80000)
  to   space 12800K, 0% used [0x00000000df900000,0x00000000df900000,0x00000000e0580000)
 ParOldGen       total 94208K, used 19385K [0x0000000081800000, 0x0000000087400000, 0x00000000d5d80000)
  object space 94208K, 20% used [0x0000000081800000,0x0000000082aee670,0x0000000087400000)
 Metaspace       used 42427K, capacity 42894K, committed 43264K, reserved 1087488K
  class space    used 5488K, capacity 5614K, committed 5632K, reserved 1048576K
Event: 18.088 GC heap after
Heap after GC invocations=11 (full 2):
 PSYoungGen      total 172032K, used 11210K [0x00000000d5d80000, 0x00000000e3d80000, 0x0000000100000000)
  eden space 159232K, 0% used [0x00000000d5d80000,0x00000000d5d80000,0x00000000df900000)
  from space 12800K, 87% used [0x00000000df900000,0x00000000e03f2a40,0x00000000e0580000)
  to   space 13824K, 0% used [0x00000000e3000000,0x00000000e3000000,0x00000000e3d80000)
 ParOldGen       total 94208K, used 19393K [0x0000000081800000, 0x0000000087400000, 0x00000000d5d80000)
  object space 94208K, 20% used [0x0000000081800000,0x0000000082af0670,0x0000000087400000)
 Metaspace       used 42427K, capacity 42894K, committed 43264K, reserved 1087488K
  class space    used 5488K, capacity 5614K, committed 5632K, reserved 1048576K
}

